<?xml version="1.0" encoding="UTF-8"?>
<!-- Generated by org.testng.reporters.JUnitReportReporter -->
<testsuite hostname="DESKTOP-KQ2QODC" failures="0" tests="1" name="test.CartTest" time="67.318" errors="0" timestamp="2023-07-24T20:00:36 IST" skipped="0">
  <testcase classname="test.CartTest" name="testing" time="67.318"/>
</testsuite> <!-- test.CartTest -->
