<?xml version="1.0" encoding="UTF-8"?>
<!-- Generated by org.testng.reporters.JUnitReportReporter -->
<testsuite hostname="DESKTOP-KQ2QODC" failures="0" tests="1" name="test.Createtest" time="12.198" errors="0" timestamp="2023-07-24T19:46:57 IST" skipped="0">
  <testcase classname="test.Createtest" name="testing" time="12.198"/>
</testsuite> <!-- test.Createtest -->
