<?xml version="1.0" encoding="UTF-8"?>
<!-- Generated by org.testng.reporters.JUnitReportReporter -->
<testsuite hostname="DESKTOP-KQ2QODC" failures="0" tests="1" name="test.ProductTest" time="23.640" errors="0" timestamp="2023-07-24T19:46:57 IST" skipped="0">
  <testcase classname="test.ProductTest" name="testing" time="23.640"/>
</testsuite> <!-- test.ProductTest -->
